<?xml version="1.0" encoding="UTF-8"?>
<testsuite xmlns:xsi="http://www.w3.org/2001/XMLSchema-instance" xsi:noNamespaceSchemaLocation="https://maven.apache.org/surefire/maven-surefire-plugin/xsd/surefire-test-report-3.0.xsd" version="3.0" name="org.example.AppTest" time="0.047" tests="8" errors="0" skipped="0" failures="0">
  <properties>
[...]
</properties>
  <testcase name="checkAreAllCellsAreDead" classname="org.example.AppTest" time="0.025"/>
  <testcase name="testLiveCellWithLess2OrMore3LiveNeighbours" classname="org.example.AppTest" time="0.002">
    <system-out><![CDATA[1
4
]]></system-out>
  </testcase>
  <testcase name="testCreatingBoardwithNegativeRowsAndColumns" classname="org.example.AppTest" time="0.003"/>
  <testcase name="testMostUpperLeftDeadCell" classname="org.example.AppTest" time="0.001">
    <system-out><![CDATA[3
]]></system-out>
  </testcase>
  <testcase name="testCreatingBoardWithDefaultConfiguration" classname="org.example.AppTest" time="0.001"/>
  <testcase name="testMostLowerRightDeadCell" classname="org.example.AppTest" time="0.001">
    <system-out><![CDATA[3
]]></system-out>
  </testcase>
  <testcase name="testMostLowerRightLiveCell" classname="org.example.AppTest" time="0.001">
    <system-out><![CDATA[0
]]></system-out>
  </testcase>
  <testcase name="donothing" classname="org.example.AppTest" time="0.001">
    <system-out><![CDATA[Do Nothing
]]></system-out>
  </testcase>
</testsuite>